# JRE version: OpenJDK Runtime Environment Microsoft-8035246 (17.0.8+7) (build 17.0.8+7-LTS)
# Java VM: OpenJDK 64-Bit Server VM Microsoft-8035246 (17.0.8+7-LTS, mixed mode, sharing, tiered, compressed oops, compressed class ptrs, g1 gc, windows-amd64)
GC Precious Log:
 CPUs: 4 total, 4 available
 Memory: 11683M
 Large Page Support: Disabled
 NUMA Support: Disabled
 Compressed Oops: Enabled (32-bit)
 Heap Region Size: 1M
 Heap Min Capacity: 8M
 Heap Initial Capacity: 184M
 Heap Max Capacity: 2G
 Pre-touch: Disabled
 Parallel Workers: 4
 Concurrent Workers: 1
 Concurrent Refinement Workers: 4
 Periodic GC: Disabled
Heap:
 garbage-first heap   total 371712K, used 267470K [0x0000000080000000, 0x0000000100000000)
  region size 1024K, 42 young (43008K), 10 survivors (10240K)
 Metaspace       used 103150K, committed 104832K, reserved 557056K
  class space    used 14400K, committed 15104K, reserved 425984K
GC Heap History (20 events):
Event: 72.109 GC heap before
{Heap before GC invocations=46 (full 0):
 garbage-first heap   total 268288K, used 215040K [0x0000000080000000, 0x0000000100000000)
  region size 1024K, 46 young (47104K), 2 survivors (2048K)
 Metaspace       used 92844K, committed 94208K, reserved 557056K
  class space    used 12982K, committed 13568K, reserved 425984K
}
Event: 72.127 GC heap after
{Heap after GC invocations=47 (full 0):
 garbage-first heap   total 268288K, used 183115K [0x0000000080000000, 0x0000000100000000)
  region size 1024K, 6 young (6144K), 6 survivors (6144K)
 Metaspace       used 92844K, committed 94208K, reserved 557056K
  class space    used 12982K, committed 13568K, reserved 425984K
}
Event: 74.004 GC heap before
{Heap before GC invocations=48 (full 0):
 garbage-first heap   total 309248K, used 214859K [0x0000000080000000, 0x0000000100000000)
  region size 1024K, 37 young (37888K), 6 survivors (6144K)
 Metaspace       used 94653K, committed 96000K, reserved 557056K
  class space    used 13259K, committed 13824K, reserved 425984K
}
Event: 74.023 GC heap after
{Heap after GC invocations=49 (full 0):
 garbage-first heap   total 309248K, used 187824K [0x0000000080000000, 0x0000000100000000)
  region size 1024K, 5 young (5120K), 5 survivors (5120K)
 Metaspace       used 94653K, committed 96000K, reserved 557056K
  class space    used 13259K, committed 13824K, reserved 425984K
}
Event: 74.357 GC heap before
{Heap before GC invocations=49 (full 0):
 garbage-first heap   total 309248K, used 198064K [0x0000000080000000, 0x0000000100000000)
  region size 1024K, 15 young (15360K), 5 survivors (5120K)
 Metaspace       used 95464K, committed 96768K, reserved 557056K
  class space    used 13417K, committed 13952K, reserved 425984K
}
Event: 74.370 GC heap after
{Heap after GC invocations=50 (full 0):
 garbage-first heap   total 309248K, used 186269K [0x0000000080000000, 0x0000000100000000)
  region size 1024K, 1 young (1024K), 1 survivors (1024K)
 Metaspace       used 95464K, committed 96768K, reserved 557056K
  class space    used 13417K, committed 13952K, reserved 425984K
}
Event: 76.039 GC heap before
{Heap before GC invocations=50 (full 0):
 garbage-first heap   total 309248K, used 240541K [0x0000000080000000, 0x0000000100000000)
  region size 1024K, 54 young (55296K), 1 survivors (1024K)
 Metaspace       used 97073K, committed 98560K, reserved 557056K
  class space    used 13623K, committed 14272K, reserved 425984K
}
Event: 76.063 GC heap after
{Heap after GC invocations=51 (full 0):
 garbage-first heap   total 309248K, used 193236K [0x0000000080000000, 0x0000000100000000)
  region size 1024K, 7 young (7168K), 7 survivors (7168K)
 Metaspace       used 97073K, committed 98560K, reserved 557056K
  class space    used 13623K, committed 14272K, reserved 425984K
}
Event: 77.698 GC heap before
{Heap before GC invocations=51 (full 0):
 garbage-first heap   total 309248K, used 245460K [0x0000000080000000, 0x0000000100000000)
  region size 1024K, 58 young (59392K), 7 survivors (7168K)
 Metaspace       used 99095K, committed 100544K, reserved 557056K
  class space    used 13878K, committed 14528K, reserved 425984K
}
Event: 77.739 GC heap after
{Heap after GC invocations=52 (full 0):
 garbage-first heap   total 309248K, used 200532K [0x0000000080000000, 0x0000000100000000)
  region size 1024K, 7 young (7168K), 7 survivors (7168K)
 Metaspace       used 99095K, committed 100544K, reserved 557056K
  class space    used 13878K, committed 14528K, reserved 425984K
}
Event: 80.090 GC heap before
{Heap before GC invocations=52 (full 0):
 garbage-first heap   total 309248K, used 249684K [0x0000000080000000, 0x0000000100000000)
  region size 1024K, 55 young (56320K), 7 survivors (7168K)
 Metaspace       used 100663K, committed 102144K, reserved 557056K
  class space    used 14066K, committed 14720K, reserved 425984K
}
Event: 80.121 GC heap after
{Heap after GC invocations=53 (full 0):
 garbage-first heap   total 309248K, used 208896K [0x0000000080000000, 0x0000000100000000)
  region size 1024K, 7 young (7168K), 7 survivors (7168K)
 Metaspace       used 100663K, committed 102144K, reserved 557056K
  class space    used 14066K, committed 14720K, reserved 425984K
}
Event: 81.316 GC heap before
{Heap before GC invocations=53 (full 0):
 garbage-first heap   total 309248K, used 253952K [0x0000000080000000, 0x0000000100000000)
  region size 1024K, 51 young (52224K), 7 survivors (7168K)
 Metaspace       used 101690K, committed 103232K, reserved 557056K
  class space    used 14193K, committed 14848K, reserved 425984K
}
Event: 81.345 GC heap after
{Heap after GC invocations=54 (full 0):
 garbage-first heap   total 309248K, used 216127K [0x0000000080000000, 0x0000000100000000)
  region size 1024K, 7 young (7168K), 7 survivors (7168K)
 Metaspace       used 101690K, committed 103232K, reserved 557056K
  class space    used 14193K, committed 14848K, reserved 425984K
}
Event: 82.299 GC heap before
{Heap before GC invocations=54 (full 0):
 garbage-first heap   total 309248K, used 256063K [0x0000000080000000, 0x0000000100000000)
  region size 1024K, 46 young (47104K), 7 survivors (7168K)
 Metaspace       used 101830K, committed 103424K, reserved 557056K
  class space    used 14194K, committed 14848K, reserved 425984K
}
Event: 82.323 GC heap after
{Heap after GC invocations=55 (full 0):
 garbage-first heap   total 309248K, used 220160K [0x0000000080000000, 0x0000000100000000)
  region size 1024K, 4 young (4096K), 4 survivors (4096K)
 Metaspace       used 101830K, committed 103424K, reserved 557056K
  class space    used 14194K, committed 14848K, reserved 425984K
}
Event: 83.269 GC heap before
{Heap before GC invocations=55 (full 0):
 garbage-first heap   total 309248K, used 260096K [0x0000000080000000, 0x0000000100000000)
  region size 1024K, 43 young (44032K), 4 survivors (4096K)
 Metaspace       used 101996K, committed 103616K, reserved 557056K
  class space    used 14211K, committed 14912K, reserved 425984K
}
Event: 83.286 GC heap after
{Heap after GC invocations=56 (full 0):
 garbage-first heap   total 371712K, used 223923K [0x0000000080000000, 0x0000000100000000)
  region size 1024K, 4 young (4096K), 4 survivors (4096K)
 Metaspace       used 101996K, committed 103616K, reserved 557056K
  class space    used 14211K, committed 14912K, reserved 425984K
}
Event: 85.559 GC heap before
{Heap before GC invocations=56 (full 0):
 garbage-first heap   total 371712K, used 300723K [0x0000000080000000, 0x0000000100000000)
  region size 1024K, 80 young (81920K), 4 survivors (4096K)
 Metaspace       used 103135K, committed 104768K, reserved 557056K
  class space    used 14400K, committed 15104K, reserved 425984K
}
Event: 85.588 GC heap after
{Heap after GC invocations=57 (full 0):
 garbage-first heap   total 371712K, used 235726K [0x0000000080000000, 0x0000000100000000)
  region size 1024K, 10 young (10240K), 10 survivors (10240K)
 Metaspace       used 103135K, committed 104768K, reserved 557056K
  class space    used 14400K, committed 15104K, reserved 425984K
}

