# JRE version: OpenJDK Runtime Environment Microsoft-8035246 (17.0.8+7) (build 17.0.8+7-LTS)
# Java VM: OpenJDK 64-Bit Server VM Microsoft-8035246 (17.0.8+7-LTS, mixed mode, sharing, tiered, compressed oops, compressed class ptrs, g1 gc, windows-amd64)
GC Precious Log:
 CPUs: 4 total, 4 available
 Memory: 11683M
 Large Page Support: Disabled
 NUMA Support: Disabled
 Compressed Oops: Enabled (32-bit)
 Heap Region Size: 1M
 Heap Min Capacity: 8M
 Heap Initial Capacity: 184M
 Heap Max Capacity: 2G
 Pre-touch: Disabled
 Parallel Workers: 4
 Concurrent Workers: 1
 Concurrent Refinement Workers: 4
 Periodic GC: Disabled
Heap:
 garbage-first heap   total 495616K, used 250880K [0x0000000080000000, 0x0000000100000000)
  region size 1024K, 32 young (32768K), 17 survivors (17408K)
 Metaspace       used 103131K, committed 104704K, reserved 557056K
  class space    used 14415K, committed 15104K, reserved 425984K
GC Heap History (20 events):
Event: 50.160 GC heap before
{Heap before GC invocations=40 (full 0):
 garbage-first heap   total 258048K, used 212684K [0x0000000080000000, 0x0000000100000000)
  region size 1024K, 113 young (115712K), 6 survivors (6144K)
 Metaspace       used 88484K, committed 89408K, reserved 557056K
  class space    used 12367K, committed 12800K, reserved 425984K
}
Event: 50.187 GC heap after
{Heap after GC invocations=41 (full 0):
 garbage-first heap   total 258048K, used 117629K [0x0000000080000000, 0x0000000100000000)
  region size 1024K, 15 young (15360K), 15 survivors (15360K)
 Metaspace       used 88484K, committed 89408K, reserved 557056K
  class space    used 12367K, committed 12800K, reserved 425984K
}
Event: 52.848 GC heap before
{Heap before GC invocations=41 (full 0):
 garbage-first heap   total 258048K, used 212861K [0x0000000080000000, 0x0000000100000000)
  region size 1024K, 102 young (104448K), 15 survivors (15360K)
 Metaspace       used 90633K, committed 91712K, reserved 557056K
  class space    used 12695K, committed 13184K, reserved 425984K
}
Event: 52.893 GC heap after
{Heap after GC invocations=42 (full 0):
 garbage-first heap   total 258048K, used 146065K [0x0000000080000000, 0x0000000100000000)
  region size 1024K, 13 young (13312K), 13 survivors (13312K)
 Metaspace       used 90633K, committed 91712K, reserved 557056K
  class space    used 12695K, committed 13184K, reserved 425984K
}
Event: 54.920 GC heap before
{Heap before GC invocations=42 (full 0):
 garbage-first heap   total 258048K, used 203409K [0x0000000080000000, 0x0000000100000000)
  region size 1024K, 69 young (70656K), 13 survivors (13312K)
 Metaspace       used 91960K, committed 93120K, reserved 557056K
  class space    used 12876K, committed 13376K, reserved 425984K
}
Event: 54.965 GC heap after
{Heap after GC invocations=43 (full 0):
 garbage-first heap   total 258048K, used 161280K [0x0000000080000000, 0x0000000100000000)
  region size 1024K, 9 young (9216K), 9 survivors (9216K)
 Metaspace       used 91960K, committed 93120K, reserved 557056K
  class space    used 12876K, committed 13376K, reserved 425984K
}
Event: 56.408 GC heap before
{Heap before GC invocations=44 (full 0):
 garbage-first heap   total 283648K, used 205312K [0x0000000080000000, 0x0000000100000000)
  region size 1024K, 50 young (51200K), 9 survivors (9216K)
 Metaspace       used 92462K, committed 93696K, reserved 557056K
  class space    used 12933K, committed 13504K, reserved 425984K
}
Event: 56.437 GC heap after
{Heap after GC invocations=45 (full 0):
 garbage-first heap   total 283648K, used 174592K [0x0000000080000000, 0x0000000100000000)
  region size 1024K, 7 young (7168K), 7 survivors (7168K)
 Metaspace       used 92462K, committed 93696K, reserved 557056K
  class space    used 12933K, committed 13504K, reserved 425984K
}
Event: 56.526 GC heap before
{Heap before GC invocations=45 (full 0):
 garbage-first heap   total 283648K, used 180736K [0x0000000080000000, 0x0000000100000000)
  region size 1024K, 13 young (13312K), 7 survivors (7168K)
 Metaspace       used 92472K, committed 93696K, reserved 557056K
  class space    used 12933K, committed 13504K, reserved 425984K
}
Event: 56.544 GC heap after
{Heap after GC invocations=46 (full 0):
 garbage-first heap   total 283648K, used 175294K [0x0000000080000000, 0x0000000100000000)
  region size 1024K, 2 young (2048K), 2 survivors (2048K)
 Metaspace       used 92472K, committed 93696K, reserved 557056K
  class space    used 12933K, committed 13504K, reserved 425984K
}
Event: 57.576 GC heap before
{Heap before GC invocations=46 (full 0):
 garbage-first heap   total 283648K, used 224446K [0x0000000080000000, 0x0000000100000000)
  region size 1024K, 49 young (50176K), 2 survivors (2048K)
 Metaspace       used 94353K, committed 95680K, reserved 557056K
  class space    used 13227K, committed 13824K, reserved 425984K
}
Event: 57.593 GC heap after
{Heap after GC invocations=47 (full 0):
 garbage-first heap   total 283648K, used 186770K [0x0000000080000000, 0x0000000100000000)
  region size 1024K, 7 young (7168K), 7 survivors (7168K)
 Metaspace       used 94353K, committed 95680K, reserved 557056K
  class space    used 13227K, committed 13824K, reserved 425984K
}
Event: 58.514 GC heap before
{Heap before GC invocations=47 (full 0):
 garbage-first heap   total 283648K, used 227730K [0x0000000080000000, 0x0000000100000000)
  region size 1024K, 47 young (48128K), 7 survivors (7168K)
 Metaspace       used 96744K, committed 98112K, reserved 557056K
  class space    used 13585K, committed 14208K, reserved 425984K
}
Event: 58.540 GC heap after
{Heap after GC invocations=48 (full 0):
 garbage-first heap   total 283648K, used 190437K [0x0000000080000000, 0x0000000100000000)
  region size 1024K, 3 young (3072K), 3 survivors (3072K)
 Metaspace       used 96744K, committed 98112K, reserved 557056K
  class space    used 13585K, committed 14208K, reserved 425984K
}
Event: 59.601 GC heap before
{Heap before GC invocations=48 (full 0):
 garbage-first heap   total 283648K, used 231397K [0x0000000080000000, 0x0000000100000000)
  region size 1024K, 43 young (44032K), 3 survivors (3072K)
 Metaspace       used 97258K, committed 98624K, reserved 557056K
  class space    used 13650K, committed 14272K, reserved 425984K
}
Event: 59.624 GC heap after
{Heap after GC invocations=49 (full 0):
 garbage-first heap   total 495616K, used 198106K [0x0000000080000000, 0x0000000100000000)
  region size 1024K, 6 young (6144K), 6 survivors (6144K)
 Metaspace       used 97258K, committed 98624K, reserved 557056K
  class space    used 13650K, committed 14272K, reserved 425984K
}
Event: 64.841 GC heap before
{Heap before GC invocations=49 (full 0):
 garbage-first heap   total 495616K, used 369114K [0x0000000080000000, 0x0000000100000000)
  region size 1024K, 173 young (177152K), 6 survivors (6144K)
 Metaspace       used 101745K, committed 103232K, reserved 557056K
  class space    used 14191K, committed 14848K, reserved 425984K
}
Event: 64.927 GC heap after
{Heap after GC invocations=50 (full 0):
 garbage-first heap   total 495616K, used 219355K [0x0000000080000000, 0x0000000100000000)
  region size 1024K, 22 young (22528K), 22 survivors (22528K)
 Metaspace       used 101745K, committed 103232K, reserved 557056K
  class space    used 14191K, committed 14848K, reserved 425984K
}
Event: 69.645 GC heap before
{Heap before GC invocations=50 (full 0):
 garbage-first heap   total 495616K, used 377051K [0x0000000080000000, 0x0000000100000000)
  region size 1024K, 176 young (180224K), 22 survivors (22528K)
 Metaspace       used 103131K, committed 104704K, reserved 557056K
  class space    used 14415K, committed 15104K, reserved 425984K
}
Event: 69.714 GC heap after
{Heap after GC invocations=51 (full 0):
 garbage-first heap   total 495616K, used 236544K [0x0000000080000000, 0x0000000100000000)
  region size 1024K, 17 young (17408K), 17 survivors (17408K)
 Metaspace       used 103131K, committed 104704K, reserved 557056K
  class space    used 14415K, committed 15104K, reserved 425984K
}

