# JRE version: OpenJDK Runtime Environment Microsoft-8035246 (17.0.8+7) (build 17.0.8+7-LTS)
# Java VM: OpenJDK 64-Bit Server VM Microsoft-8035246 (17.0.8+7-LTS, mixed mode, sharing, tiered, compressed oops, compressed class ptrs, g1 gc, windows-amd64)
GC Precious Log:
 CPUs: 4 total, 4 available
 Memory: 11683M
 Large Page Support: Disabled
 NUMA Support: Disabled
 Compressed Oops: Enabled (32-bit)
 Heap Region Size: 1M
 Heap Min Capacity: 8M
 Heap Initial Capacity: 184M
 Heap Max Capacity: 2G
 Pre-touch: Disabled
 Parallel Workers: 4
 Concurrent Workers: 1
 Concurrent Refinement Workers: 4
 Periodic GC: Disabled
Heap:
 garbage-first heap   total 314368K, used 270491K [0x0000000080000000, 0x0000000100000000)
  region size 1024K, 21 young (21504K), 4 survivors (4096K)
 Metaspace       used 103842K, committed 105536K, reserved 557056K
  class space    used 14493K, committed 15232K, reserved 425984K
GC Heap History (20 events):
Event: 103.004 GC heap before
{Heap before GC invocations=70 (full 0):
 garbage-first heap   total 314368K, used 252390K [0x0000000080000000, 0x0000000100000000)
  region size 1024K, 53 young (54272K), 5 survivors (5120K)
 Metaspace       used 98612K, committed 100160K, reserved 557056K
  class space    used 13829K, committed 14528K, reserved 425984K
}
Event: 103.027 GC heap after
{Heap after GC invocations=71 (full 0):
 garbage-first heap   total 314368K, used 211169K [0x0000000080000000, 0x0000000100000000)
  region size 1024K, 7 young (7168K), 7 survivors (7168K)
 Metaspace       used 98612K, committed 100160K, reserved 557056K
  class space    used 13829K, committed 14528K, reserved 425984K
}
Event: 105.247 GC heap before
{Heap before GC invocations=71 (full 0):
 garbage-first heap   total 314368K, used 256225K [0x0000000080000000, 0x0000000100000000)
  region size 1024K, 51 young (52224K), 7 survivors (7168K)
 Metaspace       used 100701K, committed 102208K, reserved 557056K
  class space    used 14088K, committed 14784K, reserved 425984K
}
Event: 105.277 GC heap after
{Heap after GC invocations=72 (full 0):
 garbage-first heap   total 314368K, used 217197K [0x0000000080000000, 0x0000000100000000)
  region size 1024K, 6 young (6144K), 6 survivors (6144K)
 Metaspace       used 100701K, committed 102208K, reserved 557056K
  class space    used 14088K, committed 14784K, reserved 425984K
}
Event: 106.906 GC heap before
{Heap before GC invocations=72 (full 0):
 garbage-first heap   total 314368K, used 260205K [0x0000000080000000, 0x0000000100000000)
  region size 1024K, 48 young (49152K), 6 survivors (6144K)
 Metaspace       used 101945K, committed 103488K, reserved 557056K
  class space    used 14237K, committed 14912K, reserved 425984K
}
Event: 106.939 GC heap after
{Heap after GC invocations=73 (full 0):
 garbage-first heap   total 314368K, used 225609K [0x0000000080000000, 0x0000000100000000)
  region size 1024K, 6 young (6144K), 6 survivors (6144K)
 Metaspace       used 101945K, committed 103488K, reserved 557056K
  class space    used 14237K, committed 14912K, reserved 425984K
}
Event: 108.155 GC heap before
{Heap before GC invocations=73 (full 0):
 garbage-first heap   total 314368K, used 262473K [0x0000000080000000, 0x0000000100000000)
  region size 1024K, 42 young (43008K), 6 survivors (6144K)
 Metaspace       used 102360K, committed 103936K, reserved 557056K
  class space    used 14277K, committed 14976K, reserved 425984K
}
Event: 108.180 GC heap after
{Heap after GC invocations=74 (full 0):
 garbage-first heap   total 314368K, used 230123K [0x0000000080000000, 0x0000000100000000)
  region size 1024K, 4 young (4096K), 4 survivors (4096K)
 Metaspace       used 102360K, committed 103936K, reserved 557056K
  class space    used 14277K, committed 14976K, reserved 425984K
}
Event: 109.678 GC heap before
{Heap before GC invocations=74 (full 0):
 garbage-first heap   total 314368K, used 265963K [0x0000000080000000, 0x0000000100000000)
  region size 1024K, 39 young (39936K), 4 survivors (4096K)
 Metaspace       used 102454K, committed 104000K, reserved 557056K
  class space    used 14278K, committed 14976K, reserved 425984K
}
Event: 109.696 GC heap after
{Heap after GC invocations=75 (full 0):
 garbage-first heap   total 314368K, used 234256K [0x0000000080000000, 0x0000000100000000)
  region size 1024K, 4 young (4096K), 4 survivors (4096K)
 Metaspace       used 102454K, committed 104000K, reserved 557056K
  class space    used 14278K, committed 14976K, reserved 425984K
}
Event: 111.233 GC heap before
{Heap before GC invocations=75 (full 0):
 garbage-first heap   total 314368K, used 268048K [0x0000000080000000, 0x0000000100000000)
  region size 1024K, 37 young (37888K), 4 survivors (4096K)
 Metaspace       used 102641K, committed 104256K, reserved 557056K
  class space    used 14303K, committed 15040K, reserved 425984K
}
Event: 111.249 GC heap after
{Heap after GC invocations=76 (full 0):
 garbage-first heap   total 314368K, used 237149K [0x0000000080000000, 0x0000000100000000)
  region size 1024K, 4 young (4096K), 4 survivors (4096K)
 Metaspace       used 102641K, committed 104256K, reserved 557056K
  class space    used 14303K, committed 15040K, reserved 425984K
}
Event: 112.171 GC heap before
{Heap before GC invocations=76 (full 0):
 garbage-first heap   total 314368K, used 268893K [0x0000000080000000, 0x0000000100000000)
  region size 1024K, 35 young (35840K), 4 survivors (4096K)
 Metaspace       used 102697K, committed 104320K, reserved 557056K
  class space    used 14305K, committed 15040K, reserved 425984K
}
Event: 112.183 GC heap after
{Heap after GC invocations=77 (full 0):
 garbage-first heap   total 314368K, used 240289K [0x0000000080000000, 0x0000000100000000)
  region size 1024K, 4 young (4096K), 4 survivors (4096K)
 Metaspace       used 102697K, committed 104320K, reserved 557056K
  class space    used 14305K, committed 15040K, reserved 425984K
}
Event: 112.891 GC heap before
{Heap before GC invocations=77 (full 0):
 garbage-first heap   total 314368K, used 271009K [0x0000000080000000, 0x0000000100000000)
  region size 1024K, 34 young (34816K), 4 survivors (4096K)
 Metaspace       used 103078K, committed 104768K, reserved 557056K
  class space    used 14353K, committed 15104K, reserved 425984K
}
Event: 112.909 GC heap after
{Heap after GC invocations=78 (full 0):
 garbage-first heap   total 314368K, used 245222K [0x0000000080000000, 0x0000000100000000)
  region size 1024K, 5 young (5120K), 5 survivors (5120K)
 Metaspace       used 103078K, committed 104768K, reserved 557056K
  class space    used 14353K, committed 15104K, reserved 425984K
}
Event: 113.902 GC heap before
{Heap before GC invocations=78 (full 0):
 garbage-first heap   total 314368K, used 271846K [0x0000000080000000, 0x0000000100000000)
  region size 1024K, 31 young (31744K), 5 survivors (5120K)
 Metaspace       used 103802K, committed 105472K, reserved 557056K
  class space    used 14493K, committed 15232K, reserved 425984K
}
Event: 113.922 GC heap after
{Heap after GC invocations=79 (full 0):
 garbage-first heap   total 314368K, used 250588K [0x0000000080000000, 0x0000000100000000)
  region size 1024K, 4 young (4096K), 4 survivors (4096K)
 Metaspace       used 103802K, committed 105472K, reserved 557056K
  class space    used 14493K, committed 15232K, reserved 425984K
}
Event: 114.414 GC heap before
{Heap before GC invocations=79 (full 0):
 garbage-first heap   total 314368K, used 271068K [0x0000000080000000, 0x0000000100000000)
  region size 1024K, 25 young (25600K), 4 survivors (4096K)
 Metaspace       used 103839K, committed 105536K, reserved 557056K
  class space    used 14493K, committed 15232K, reserved 425984K
}
Event: 114.430 GC heap after
{Heap after GC invocations=80 (full 0):
 garbage-first heap   total 314368K, used 254107K [0x0000000080000000, 0x0000000100000000)
  region size 1024K, 4 young (4096K), 4 survivors (4096K)
 Metaspace       used 103839K, committed 105536K, reserved 557056K
  class space    used 14493K, committed 15232K, reserved 425984K
}

