# JRE version: OpenJDK Runtime Environment Microsoft-8035246 (17.0.8+7) (build 17.0.8+7-LTS)
# Java VM: OpenJDK 64-Bit Server VM Microsoft-8035246 (17.0.8+7-LTS, mixed mode, sharing, tiered, compressed oops, compressed class ptrs, g1 gc, windows-amd64)
GC Precious Log:
 CPUs: 4 total, 4 available
 Memory: 11683M
 Large Page Support: Disabled
 NUMA Support: Disabled
 Compressed Oops: Enabled (32-bit)
 Heap Region Size: 1M
 Heap Min Capacity: 8M
 Heap Initial Capacity: 184M
 Heap Max Capacity: 2G
 Pre-touch: Disabled
 Parallel Workers: 4
 Concurrent Workers: 1
 Concurrent Refinement Workers: 4
 Periodic GC: Disabled
Heap:
 garbage-first heap   total 307200K, used 232295K [0x0000000080000000, 0x0000000100000000)
  region size 1024K, 53 young (54272K), 8 survivors (8192K)
 Metaspace       used 113609K, committed 114880K, reserved 557056K
  class space    used 15682K, committed 16256K, reserved 425984K
GC Heap History (20 events):
Event: 45.122 GC heap before
{Heap before GC invocations=43 (full 0):
 garbage-first heap   total 266240K, used 199381K [0x0000000080000000, 0x0000000100000000)
  region size 1024K, 105 young (107520K), 11 survivors (11264K)
 Metaspace       used 99775K, committed 100672K, reserved 557056K
  class space    used 13845K, committed 14208K, reserved 425984K
}
Event: 45.146 GC heap after
{Heap after GC invocations=44 (full 0):
 garbage-first heap   total 266240K, used 108898K [0x0000000080000000, 0x0000000100000000)
  region size 1024K, 11 young (11264K), 11 survivors (11264K)
 Metaspace       used 99775K, committed 100672K, reserved 557056K
  class space    used 13845K, committed 14208K, reserved 425984K
}
Event: 48.014 GC heap before
{Heap before GC invocations=44 (full 0):
 garbage-first heap   total 266240K, used 207202K [0x0000000080000000, 0x0000000100000000)
  region size 1024K, 104 young (106496K), 11 survivors (11264K)
 Metaspace       used 103734K, committed 104768K, reserved 557056K
  class space    used 14393K, committed 14848K, reserved 425984K
}
Event: 48.052 GC heap after
{Heap after GC invocations=45 (full 0):
 garbage-first heap   total 266240K, used 130570K [0x0000000080000000, 0x0000000100000000)
  region size 1024K, 13 young (13312K), 13 survivors (13312K)
 Metaspace       used 103734K, committed 104768K, reserved 557056K
  class space    used 14393K, committed 14848K, reserved 425984K
}
Event: 48.935 GC heap before
{Heap before GC invocations=45 (full 0):
 garbage-first heap   total 266240K, used 152074K [0x0000000080000000, 0x0000000100000000)
  region size 1024K, 34 young (34816K), 13 survivors (13312K)
 Metaspace       used 103948K, committed 105024K, reserved 557056K
  class space    used 14402K, committed 14848K, reserved 425984K
}
Event: 48.962 GC heap after
{Heap after GC invocations=46 (full 0):
 garbage-first heap   total 266240K, used 139776K [0x0000000080000000, 0x0000000100000000)
  region size 1024K, 6 young (6144K), 6 survivors (6144K)
 Metaspace       used 103948K, committed 105024K, reserved 557056K
  class space    used 14402K, committed 14848K, reserved 425984K
}
Event: 50.854 GC heap before
{Heap before GC invocations=47 (full 0):
 garbage-first heap   total 266240K, used 206336K [0x0000000080000000, 0x0000000100000000)
  region size 1024K, 69 young (70656K), 6 survivors (6144K)
 Metaspace       used 104751K, committed 105856K, reserved 557056K
  class space    used 14498K, committed 14976K, reserved 425984K
}
Event: 50.875 GC heap after
{Heap after GC invocations=48 (full 0):
 garbage-first heap   total 266240K, used 156672K [0x0000000080000000, 0x0000000100000000)
  region size 1024K, 9 young (9216K), 9 survivors (9216K)
 Metaspace       used 104751K, committed 105856K, reserved 557056K
  class space    used 14498K, committed 14976K, reserved 425984K
}
Event: 50.983 GC heap before
{Heap before GC invocations=48 (full 0):
 garbage-first heap   total 266240K, used 161792K [0x0000000080000000, 0x0000000100000000)
  region size 1024K, 13 young (13312K), 9 survivors (9216K)
 Metaspace       used 104764K, committed 105856K, reserved 557056K
  class space    used 14500K, committed 14976K, reserved 425984K
}
Event: 51.007 GC heap after
{Heap after GC invocations=49 (full 0):
 garbage-first heap   total 266240K, used 161730K [0x0000000080000000, 0x0000000100000000)
  region size 1024K, 2 young (2048K), 2 survivors (2048K)
 Metaspace       used 104764K, committed 105856K, reserved 557056K
  class space    used 14500K, committed 14976K, reserved 425984K
}
Event: 52.361 GC heap before
{Heap before GC invocations=49 (full 0):
 garbage-first heap   total 266240K, used 209858K [0x0000000080000000, 0x0000000100000000)
  region size 1024K, 49 young (50176K), 2 survivors (2048K)
 Metaspace       used 106786K, committed 107968K, reserved 557056K
  class space    used 14781K, committed 15296K, reserved 425984K
}
Event: 52.376 GC heap after
{Heap after GC invocations=50 (full 0):
 garbage-first heap   total 266240K, used 168314K [0x0000000080000000, 0x0000000100000000)
  region size 1024K, 7 young (7168K), 7 survivors (7168K)
 Metaspace       used 106786K, committed 107968K, reserved 557056K
  class space    used 14781K, committed 15296K, reserved 425984K
}
Event: 53.889 GC heap before
{Heap before GC invocations=51 (full 0):
 garbage-first heap   total 307200K, used 211322K [0x0000000080000000, 0x0000000100000000)
  region size 1024K, 49 young (50176K), 7 survivors (7168K)
 Metaspace       used 110282K, committed 111488K, reserved 557056K
  class space    used 15271K, committed 15808K, reserved 425984K
}
Event: 53.913 GC heap after
{Heap after GC invocations=52 (full 0):
 garbage-first heap   total 307200K, used 171624K [0x0000000080000000, 0x0000000100000000)
  region size 1024K, 3 young (3072K), 3 survivors (3072K)
 Metaspace       used 110282K, committed 111488K, reserved 557056K
  class space    used 15271K, committed 15808K, reserved 425984K
}
Event: 54.855 GC heap before
{Heap before GC invocations=52 (full 0):
 garbage-first heap   total 307200K, used 183912K [0x0000000080000000, 0x0000000100000000)
  region size 1024K, 15 young (15360K), 3 survivors (3072K)
 Metaspace       used 110622K, committed 111872K, reserved 557056K
  class space    used 15318K, committed 15872K, reserved 425984K
}
Event: 54.868 GC heap after
{Heap after GC invocations=53 (full 0):
 garbage-first heap   total 307200K, used 171508K [0x0000000080000000, 0x0000000100000000)
  region size 1024K, 2 young (2048K), 2 survivors (2048K)
 Metaspace       used 110622K, committed 111872K, reserved 557056K
  class space    used 15318K, committed 15872K, reserved 425984K
}
Event: 57.089 GC heap before
{Heap before GC invocations=53 (full 0):
 garbage-first heap   total 307200K, used 239092K [0x0000000080000000, 0x0000000100000000)
  region size 1024K, 68 young (69632K), 2 survivors (2048K)
 Metaspace       used 112425K, committed 113664K, reserved 557056K
  class space    used 15524K, committed 16064K, reserved 425984K
}
Event: 57.112 GC heap after
{Heap after GC invocations=54 (full 0):
 garbage-first heap   total 307200K, used 180426K [0x0000000080000000, 0x0000000100000000)
  region size 1024K, 9 young (9216K), 9 survivors (9216K)
 Metaspace       used 112425K, committed 113664K, reserved 557056K
  class space    used 15524K, committed 16064K, reserved 425984K
}
Event: 58.788 GC heap before
{Heap before GC invocations=54 (full 0):
 garbage-first heap   total 307200K, used 243914K [0x0000000080000000, 0x0000000100000000)
  region size 1024K, 71 young (72704K), 9 survivors (9216K)
 Metaspace       used 112967K, committed 114240K, reserved 557056K
  class space    used 15566K, committed 16128K, reserved 425984K
}
Event: 58.818 GC heap after
{Heap after GC invocations=55 (full 0):
 garbage-first heap   total 307200K, used 188263K [0x0000000080000000, 0x0000000100000000)
  region size 1024K, 8 young (8192K), 8 survivors (8192K)
 Metaspace       used 112967K, committed 114240K, reserved 557056K
  class space    used 15566K, committed 16128K, reserved 425984K
}

