# JRE version: OpenJDK Runtime Environment Microsoft-8035246 (17.0.8+7) (build 17.0.8+7-LTS)
# Java VM: OpenJDK 64-Bit Server VM Microsoft-8035246 (17.0.8+7-LTS, mixed mode, sharing, tiered, compressed oops, compressed class ptrs, g1 gc, windows-amd64)
GC Precious Log:
 CPUs: 4 total, 4 available
 Memory: 11683M
 Large Page Support: Disabled
 NUMA Support: Disabled
 Compressed Oops: Enabled (32-bit)
 Heap Region Size: 1M
 Heap Min Capacity: 8M
 Heap Initial Capacity: 184M
 Heap Max Capacity: 2G
 Pre-touch: Disabled
 Parallel Workers: 4
 Concurrent Workers: 1
 Concurrent Refinement Workers: 4
 Periodic GC: Disabled
Heap:
 garbage-first heap   total 261120K, used 195977K [0x0000000080000000, 0x0000000100000000)
  region size 1024K, 12 young (12288K), 2 survivors (2048K)
 Metaspace       used 112916K, committed 114112K, reserved 557056K
  class space    used 15604K, committed 16128K, reserved 425984K
GC Heap History (20 events):
Event: 49.686 GC heap before
{Heap before GC invocations=36 (full 0):
 garbage-first heap   total 232448K, used 194195K [0x0000000080000000, 0x0000000100000000)
  region size 1024K, 92 young (94208K), 11 survivors (11264K)
 Metaspace       used 103659K, committed 104704K, reserved 557056K
  class space    used 14350K, committed 14784K, reserved 425984K
}
Event: 49.727 GC heap after
{Heap after GC invocations=37 (full 0):
 garbage-first heap   total 232448K, used 128481K [0x0000000080000000, 0x0000000100000000)
  region size 1024K, 12 young (12288K), 12 survivors (12288K)
 Metaspace       used 103659K, committed 104704K, reserved 557056K
  class space    used 14350K, committed 14784K, reserved 425984K
}
Event: 51.242 GC heap before
{Heap before GC invocations=37 (full 0):
 garbage-first heap   total 232448K, used 190945K [0x0000000080000000, 0x0000000100000000)
  region size 1024K, 68 young (69632K), 12 survivors (12288K)
 Metaspace       used 104341K, committed 105344K, reserved 557056K
  class space    used 14424K, committed 14848K, reserved 425984K
}
Event: 51.272 GC heap after
{Heap after GC invocations=38 (full 0):
 garbage-first heap   total 232448K, used 149337K [0x0000000080000000, 0x0000000100000000)
  region size 1024K, 9 young (9216K), 9 survivors (9216K)
 Metaspace       used 104341K, committed 105344K, reserved 557056K
  class space    used 14424K, committed 14848K, reserved 425984K
}
Event: 52.554 GC heap before
{Heap before GC invocations=39 (full 0):
 garbage-first heap   total 261120K, used 187225K [0x0000000080000000, 0x0000000100000000)
  region size 1024K, 45 young (46080K), 9 survivors (9216K)
 Metaspace       used 104744K, committed 105856K, reserved 557056K
  class space    used 14465K, committed 14912K, reserved 425984K
}
Event: 52.574 GC heap after
{Heap after GC invocations=40 (full 0):
 garbage-first heap   total 261120K, used 159577K [0x0000000080000000, 0x0000000100000000)
  region size 1024K, 6 young (6144K), 6 survivors (6144K)
 Metaspace       used 104744K, committed 105856K, reserved 557056K
  class space    used 14465K, committed 14912K, reserved 425984K
}
Event: 52.747 GC heap before
{Heap before GC invocations=40 (full 0):
 garbage-first heap   total 261120K, used 165721K [0x0000000080000000, 0x0000000100000000)
  region size 1024K, 12 young (12288K), 6 survivors (6144K)
 Metaspace       used 104797K, committed 105920K, reserved 557056K
  class space    used 14465K, committed 14912K, reserved 425984K
}
Event: 52.767 GC heap after
{Heap after GC invocations=41 (full 0):
 garbage-first heap   total 261120K, used 161002K [0x0000000080000000, 0x0000000100000000)
  region size 1024K, 2 young (2048K), 2 survivors (2048K)
 Metaspace       used 104797K, committed 105920K, reserved 557056K
  class space    used 14465K, committed 14912K, reserved 425984K
}
Event: 53.685 GC heap before
{Heap before GC invocations=41 (full 0):
 garbage-first heap   total 261120K, used 207082K [0x0000000080000000, 0x0000000100000000)
  region size 1024K, 47 young (48128K), 2 survivors (2048K)
 Metaspace       used 108027K, committed 109248K, reserved 557056K
  class space    used 14968K, committed 15488K, reserved 425984K
}
Event: 53.695 GC heap after
{Heap after GC invocations=42 (full 0):
 garbage-first heap   total 261120K, used 162704K [0x0000000080000000, 0x0000000100000000)
  region size 1024K, 4 young (4096K), 4 survivors (4096K)
 Metaspace       used 108027K, committed 109248K, reserved 557056K
  class space    used 14968K, committed 15488K, reserved 425984K
}
Event: 54.882 GC heap before
{Heap before GC invocations=42 (full 0):
 garbage-first heap   total 261120K, used 210832K [0x0000000080000000, 0x0000000100000000)
  region size 1024K, 51 young (52224K), 4 survivors (4096K)
 Metaspace       used 110565K, committed 111744K, reserved 557056K
  class space    used 15298K, committed 15808K, reserved 425984K
}
Event: 54.904 GC heap after
{Heap after GC invocations=43 (full 0):
 garbage-first heap   total 261120K, used 167087K [0x0000000080000000, 0x0000000100000000)
  region size 1024K, 7 young (7168K), 7 survivors (7168K)
 Metaspace       used 110565K, committed 111744K, reserved 557056K
  class space    used 15298K, committed 15808K, reserved 425984K
}
Event: 55.987 GC heap before
{Heap before GC invocations=43 (full 0):
 garbage-first heap   total 261120K, used 213167K [0x0000000080000000, 0x0000000100000000)
  region size 1024K, 52 young (53248K), 7 survivors (7168K)
 Metaspace       used 111628K, committed 112832K, reserved 557056K
  class space    used 15413K, committed 15936K, reserved 425984K
}
Event: 56.012 GC heap after
{Heap after GC invocations=44 (full 0):
 garbage-first heap   total 261120K, used 173572K [0x0000000080000000, 0x0000000100000000)
  region size 1024K, 7 young (7168K), 7 survivors (7168K)
 Metaspace       used 111628K, committed 112832K, reserved 557056K
  class space    used 15413K, committed 15936K, reserved 425984K
}
Event: 56.683 GC heap before
{Heap before GC invocations=44 (full 0):
 garbage-first heap   total 261120K, used 215556K [0x0000000080000000, 0x0000000100000000)
  region size 1024K, 48 young (49152K), 7 survivors (7168K)
 Metaspace       used 111824K, committed 113024K, reserved 557056K
  class space    used 15414K, committed 15936K, reserved 425984K
}
Event: 56.704 GC heap after
{Heap after GC invocations=45 (full 0):
 garbage-first heap   total 261120K, used 177802K [0x0000000080000000, 0x0000000100000000)
  region size 1024K, 5 young (5120K), 5 survivors (5120K)
 Metaspace       used 111824K, committed 113024K, reserved 557056K
  class space    used 15414K, committed 15936K, reserved 425984K
}
Event: 57.624 GC heap before
{Heap before GC invocations=45 (full 0):
 garbage-first heap   total 261120K, used 216714K [0x0000000080000000, 0x0000000100000000)
  region size 1024K, 44 young (45056K), 5 survivors (5120K)
 Metaspace       used 112896K, committed 114112K, reserved 557056K
  class space    used 15603K, committed 16128K, reserved 425984K
}
Event: 57.647 GC heap after
{Heap after GC invocations=46 (full 0):
 garbage-first heap   total 261120K, used 184461K [0x0000000080000000, 0x0000000100000000)
  region size 1024K, 6 young (6144K), 6 survivors (6144K)
 Metaspace       used 112896K, committed 114112K, reserved 557056K
  class space    used 15603K, committed 16128K, reserved 425984K
}
Event: 58.427 GC heap before
{Heap before GC invocations=46 (full 0):
 garbage-first heap   total 261120K, used 218253K [0x0000000080000000, 0x0000000100000000)
  region size 1024K, 40 young (40960K), 6 survivors (6144K)
 Metaspace       used 112913K, committed 114112K, reserved 557056K
  class space    used 15604K, committed 16128K, reserved 425984K
}
Event: 58.441 GC heap after
{Heap after GC invocations=47 (full 0):
 garbage-first heap   total 261120K, used 186761K [0x0000000080000000, 0x0000000100000000)
  region size 1024K, 2 young (2048K), 2 survivors (2048K)
 Metaspace       used 112913K, committed 114112K, reserved 557056K
  class space    used 15604K, committed 16128K, reserved 425984K
}

