# JRE version: OpenJDK Runtime Environment Microsoft-8035246 (17.0.8+7) (build 17.0.8+7-LTS)
# Java VM: OpenJDK 64-Bit Server VM Microsoft-8035246 (17.0.8+7-LTS, mixed mode, sharing, tiered, compressed oops, compressed class ptrs, g1 gc, windows-amd64)
GC Precious Log:
 CPUs: 4 total, 4 available
 Memory: 11683M
 Large Page Support: Disabled
 NUMA Support: Disabled
 Compressed Oops: Enabled (32-bit)
 Heap Region Size: 1M
 Heap Min Capacity: 8M
 Heap Initial Capacity: 184M
 Heap Max Capacity: 2G
 Pre-touch: Disabled
 Parallel Workers: 4
 Concurrent Workers: 1
 Concurrent Refinement Workers: 4
 Periodic GC: Disabled
Heap:
 garbage-first heap   total 317440K, used 240899K [0x0000000080000000, 0x0000000100000000)
  region size 1024K, 76 young (77824K), 9 survivors (9216K)
 Metaspace       used 99964K, committed 101184K, reserved 557056K
  class space    used 13977K, committed 14528K, reserved 425984K
GC Heap History (20 events):
Event: 43.965 GC heap before
{Heap before GC invocations=38 (full 0):
 garbage-first heap   total 140288K, used 114317K [0x0000000080000000, 0x0000000100000000)
  region size 1024K, 31 young (31744K), 1 survivors (1024K)
 Metaspace       used 74133K, committed 74816K, reserved 491520K
  class space    used 10313K, committed 10624K, reserved 425984K
}
Event: 43.970 GC heap after
{Heap after GC invocations=39 (full 0):
 garbage-first heap   total 140288K, used 85810K [0x0000000080000000, 0x0000000100000000)
  region size 1024K, 2 young (2048K), 2 survivors (2048K)
 Metaspace       used 74133K, committed 74816K, reserved 491520K
  class space    used 10313K, committed 10624K, reserved 425984K
}
Event: 44.936 GC heap before
{Heap before GC invocations=40 (full 0):
 garbage-first heap   total 150528K, used 116530K [0x0000000080000000, 0x0000000100000000)
  region size 1024K, 32 young (32768K), 2 survivors (2048K)
 Metaspace       used 76566K, committed 77312K, reserved 557056K
  class space    used 10628K, committed 10944K, reserved 425984K
}
Event: 44.943 GC heap after
{Heap after GC invocations=41 (full 0):
 garbage-first heap   total 150528K, used 87269K [0x0000000080000000, 0x0000000100000000)
  region size 1024K, 3 young (3072K), 3 survivors (3072K)
 Metaspace       used 76566K, committed 77312K, reserved 557056K
  class space    used 10628K, committed 10944K, reserved 425984K
}
Event: 45.026 GC heap before
{Heap before GC invocations=41 (full 0):
 garbage-first heap   total 150528K, used 91365K [0x0000000080000000, 0x0000000100000000)
  region size 1024K, 7 young (7168K), 3 survivors (3072K)
 Metaspace       used 76750K, committed 77504K, reserved 557056K
  class space    used 10653K, committed 11008K, reserved 425984K
}
Event: 45.033 GC heap after
{Heap after GC invocations=42 (full 0):
 garbage-first heap   total 150528K, used 87586K [0x0000000080000000, 0x0000000100000000)
  region size 1024K, 1 young (1024K), 1 survivors (1024K)
 Metaspace       used 76750K, committed 77504K, reserved 557056K
  class space    used 10653K, committed 11008K, reserved 425984K
}
Event: 45.803 GC heap before
{Heap before GC invocations=42 (full 0):
 garbage-first heap   total 150528K, used 124450K [0x0000000080000000, 0x0000000100000000)
  region size 1024K, 37 young (37888K), 1 survivors (1024K)
 Metaspace       used 77265K, committed 77952K, reserved 557056K
  class space    used 10747K, committed 11072K, reserved 425984K
}
Event: 45.814 GC heap after
{Heap after GC invocations=43 (full 0):
 garbage-first heap   total 324608K, used 89947K [0x0000000080000000, 0x0000000100000000)
  region size 1024K, 3 young (3072K), 3 survivors (3072K)
 Metaspace       used 77265K, committed 77952K, reserved 557056K
  class space    used 10747K, committed 11072K, reserved 425984K
}
Event: 59.376 GC heap before
{Heap before GC invocations=44 (full 0):
 garbage-first heap   total 317440K, used 233307K [0x0000000080000000, 0x0000000100000000)
  region size 1024K, 142 young (145408K), 3 survivors (3072K)
 Metaspace       used 85657K, committed 86400K, reserved 557056K
  class space    used 12086K, committed 12416K, reserved 425984K
}
Event: 59.401 GC heap after
{Heap after GC invocations=45 (full 0):
 garbage-first heap   total 317440K, used 96960K [0x0000000080000000, 0x0000000100000000)
  region size 1024K, 10 young (10240K), 10 survivors (10240K)
 Metaspace       used 85657K, committed 86400K, reserved 557056K
  class space    used 12086K, committed 12416K, reserved 425984K
}
Event: 59.495 GC heap before
{Heap before GC invocations=45 (full 0):
 garbage-first heap   total 317440K, used 102080K [0x0000000080000000, 0x0000000100000000)
  region size 1024K, 15 young (15360K), 10 survivors (10240K)
 Metaspace       used 85711K, committed 86528K, reserved 557056K
  class space    used 12096K, committed 12480K, reserved 425984K
}
Event: 59.519 GC heap after
{Heap after GC invocations=46 (full 0):
 garbage-first heap   total 317440K, used 98081K [0x0000000080000000, 0x0000000100000000)
  region size 1024K, 2 young (2048K), 2 survivors (2048K)
 Metaspace       used 85711K, committed 86528K, reserved 557056K
  class space    used 12096K, committed 12480K, reserved 425984K
}
Event: 64.768 GC heap before
{Heap before GC invocations=46 (full 0):
 garbage-first heap   total 317440K, used 244513K [0x0000000080000000, 0x0000000100000000)
  region size 1024K, 137 young (140288K), 2 survivors (2048K)
 Metaspace       used 90597K, committed 91584K, reserved 557056K
  class space    used 12738K, committed 13184K, reserved 425984K
}
Event: 64.804 GC heap after
{Heap after GC invocations=47 (full 0):
 garbage-first heap   total 317440K, used 130912K [0x0000000080000000, 0x0000000100000000)
  region size 1024K, 18 young (18432K), 18 survivors (18432K)
 Metaspace       used 90597K, committed 91584K, reserved 557056K
  class space    used 12738K, committed 13184K, reserved 425984K
}
Event: 68.351 GC heap before
{Heap before GC invocations=47 (full 0):
 garbage-first heap   total 317440K, used 241504K [0x0000000080000000, 0x0000000100000000)
  region size 1024K, 123 young (125952K), 18 survivors (18432K)
 Metaspace       used 92799K, committed 93888K, reserved 557056K
  class space    used 13010K, committed 13504K, reserved 425984K
}
Event: 68.405 GC heap after
{Heap after GC invocations=48 (full 0):
 garbage-first heap   total 317440K, used 155852K [0x0000000080000000, 0x0000000100000000)
  region size 1024K, 16 young (16384K), 16 survivors (16384K)
 Metaspace       used 92799K, committed 93888K, reserved 557056K
  class space    used 13010K, committed 13504K, reserved 425984K
}
Event: 71.893 GC heap before
{Heap before GC invocations=48 (full 0):
 garbage-first heap   total 317440K, used 241868K [0x0000000080000000, 0x0000000100000000)
  region size 1024K, 100 young (102400K), 16 survivors (16384K)
 Metaspace       used 97940K, committed 99136K, reserved 557056K
  class space    used 13730K, committed 14272K, reserved 425984K
}
Event: 71.950 GC heap after
{Heap after GC invocations=49 (full 0):
 garbage-first heap   total 317440K, used 165728K [0x0000000080000000, 0x0000000100000000)
  region size 1024K, 9 young (9216K), 9 survivors (9216K)
 Metaspace       used 97940K, committed 99136K, reserved 557056K
  class space    used 13730K, committed 14272K, reserved 425984K
}
Event: 75.330 GC heap before
{Heap before GC invocations=49 (full 0):
 garbage-first heap   total 317440K, used 247648K [0x0000000080000000, 0x0000000100000000)
  region size 1024K, 89 young (91136K), 9 survivors (9216K)
 Metaspace       used 98947K, committed 100096K, reserved 557056K
  class space    used 13816K, committed 14336K, reserved 425984K
}
Event: 75.375 GC heap after
{Heap after GC invocations=50 (full 0):
 garbage-first heap   total 317440K, used 174339K [0x0000000080000000, 0x0000000100000000)
  region size 1024K, 9 young (9216K), 9 survivors (9216K)
 Metaspace       used 98947K, committed 100096K, reserved 557056K
  class space    used 13816K, committed 14336K, reserved 425984K
}

