# JRE version: OpenJDK Runtime Environment Microsoft-8035246 (17.0.8+7) (build 17.0.8+7-LTS)
# Java VM: OpenJDK 64-Bit Server VM Microsoft-8035246 (17.0.8+7-LTS, mixed mode, sharing, tiered, compressed oops, compressed class ptrs, g1 gc, windows-amd64)
GC Precious Log:
 CPUs: 4 total, 4 available
 Memory: 11683M
 Large Page Support: Disabled
 NUMA Support: Disabled
 Compressed Oops: Enabled (32-bit)
 Heap Region Size: 1M
 Heap Min Capacity: 8M
 Heap Initial Capacity: 184M
 Heap Max Capacity: 2G
 Pre-touch: Disabled
 Parallel Workers: 4
 Concurrent Workers: 1
 Concurrent Refinement Workers: 4
 Periodic GC: Disabled
Heap:
 garbage-first heap   total 434176K, used 259379K [0x0000000080000000, 0x0000000100000000)
  region size 1024K, 15 young (15360K), 11 survivors (11264K)
 Metaspace       used 103925K, committed 105728K, reserved 557056K
  class space    used 14511K, committed 15296K, reserved 425984K
GC Heap History (20 events):
Event: 97.679 GC heap before
{Heap before GC invocations=61 (full 0):
 garbage-first heap   total 306176K, used 249787K [0x0000000080000000, 0x0000000100000000)
  region size 1024K, 45 young (46080K), 6 survivors (6144K)
 Metaspace       used 100266K, committed 101888K, reserved 557056K
  class space    used 14040K, committed 14720K, reserved 425984K
}
Event: 97.711 GC heap after
{Heap after GC invocations=62 (full 0):
 garbage-first heap   total 306176K, used 214747K [0x0000000080000000, 0x0000000100000000)
  region size 1024K, 5 young (5120K), 5 survivors (5120K)
 Metaspace       used 100266K, committed 101888K, reserved 557056K
  class space    used 14040K, committed 14720K, reserved 425984K
}
Event: 99.936 GC heap before
{Heap before GC invocations=62 (full 0):
 garbage-first heap   total 306176K, used 253659K [0x0000000080000000, 0x0000000100000000)
  region size 1024K, 43 young (44032K), 5 survivors (5120K)
 Metaspace       used 101119K, committed 102720K, reserved 557056K
  class space    used 14136K, committed 14784K, reserved 425984K
}
Event: 99.962 GC heap after
{Heap after GC invocations=63 (full 0):
 garbage-first heap   total 306176K, used 222477K [0x0000000080000000, 0x0000000100000000)
  region size 1024K, 6 young (6144K), 6 survivors (6144K)
 Metaspace       used 101119K, committed 102720K, reserved 557056K
  class space    used 14136K, committed 14784K, reserved 425984K
}
Event: 101.103 GC heap before
{Heap before GC invocations=63 (full 0):
 garbage-first heap   total 306176K, used 255245K [0x0000000080000000, 0x0000000100000000)
  region size 1024K, 38 young (38912K), 6 survivors (6144K)
 Metaspace       used 102199K, committed 103872K, reserved 557056K
  class space    used 14278K, committed 14976K, reserved 425984K
}
Event: 101.130 GC heap after
{Heap after GC invocations=64 (full 0):
 garbage-first heap   total 306176K, used 228032K [0x0000000080000000, 0x0000000100000000)
  region size 1024K, 5 young (5120K), 5 survivors (5120K)
 Metaspace       used 102199K, committed 103872K, reserved 557056K
  class space    used 14278K, committed 14976K, reserved 425984K
}
Event: 102.210 GC heap before
{Heap before GC invocations=64 (full 0):
 garbage-first heap   total 306176K, used 258752K [0x0000000080000000, 0x0000000100000000)
  region size 1024K, 35 young (35840K), 5 survivors (5120K)
 Metaspace       used 102440K, committed 104064K, reserved 557056K
  class space    used 14298K, committed 14976K, reserved 425984K
}
Event: 102.229 GC heap after
{Heap after GC invocations=65 (full 0):
 garbage-first heap   total 306176K, used 231355K [0x0000000080000000, 0x0000000100000000)
  region size 1024K, 4 young (4096K), 4 survivors (4096K)
 Metaspace       used 102440K, committed 104064K, reserved 557056K
  class space    used 14298K, committed 14976K, reserved 425984K
}
Event: 103.314 GC heap before
{Heap before GC invocations=65 (full 0):
 garbage-first heap   total 306176K, used 260027K [0x0000000080000000, 0x0000000100000000)
  region size 1024K, 32 young (32768K), 4 survivors (4096K)
 Metaspace       used 102525K, committed 104128K, reserved 557056K
  class space    used 14298K, committed 14976K, reserved 425984K
}
Event: 103.329 GC heap after
{Heap after GC invocations=66 (full 0):
 garbage-first heap   total 306176K, used 234684K [0x0000000080000000, 0x0000000100000000)
  region size 1024K, 3 young (3072K), 3 survivors (3072K)
 Metaspace       used 102525K, committed 104128K, reserved 557056K
  class space    used 14298K, committed 14976K, reserved 425984K
}
Event: 104.360 GC heap before
{Heap before GC invocations=66 (full 0):
 garbage-first heap   total 306176K, used 262332K [0x0000000080000000, 0x0000000100000000)
  region size 1024K, 30 young (30720K), 3 survivors (3072K)
 Metaspace       used 102639K, committed 104256K, reserved 557056K
  class space    used 14306K, committed 14976K, reserved 425984K
}
Event: 104.375 GC heap after
{Heap after GC invocations=67 (full 0):
 garbage-first heap   total 306176K, used 237115K [0x0000000080000000, 0x0000000100000000)
  region size 1024K, 3 young (3072K), 3 survivors (3072K)
 Metaspace       used 102639K, committed 104256K, reserved 557056K
  class space    used 14306K, committed 14976K, reserved 425984K
}
Event: 105.124 GC heap before
{Heap before GC invocations=67 (full 0):
 garbage-first heap   total 306176K, used 263739K [0x0000000080000000, 0x0000000100000000)
  region size 1024K, 29 young (29696K), 3 survivors (3072K)
 Metaspace       used 102747K, committed 104448K, reserved 557056K
  class space    used 14325K, committed 15040K, reserved 425984K
}
Event: 105.135 GC heap after
{Heap after GC invocations=68 (full 0):
 garbage-first heap   total 306176K, used 239743K [0x0000000080000000, 0x0000000100000000)
  region size 1024K, 3 young (3072K), 3 survivors (3072K)
 Metaspace       used 102747K, committed 104448K, reserved 557056K
  class space    used 14325K, committed 15040K, reserved 425984K
}
Event: 105.822 GC heap before
{Heap before GC invocations=68 (full 0):
 garbage-first heap   total 306176K, used 264319K [0x0000000080000000, 0x0000000100000000)
  region size 1024K, 28 young (28672K), 3 survivors (3072K)
 Metaspace       used 102798K, committed 104512K, reserved 557056K
  class space    used 14326K, committed 15040K, reserved 425984K
}
Event: 105.833 GC heap after
{Heap after GC invocations=69 (full 0):
 garbage-first heap   total 306176K, used 242188K [0x0000000080000000, 0x0000000100000000)
  region size 1024K, 3 young (3072K), 3 survivors (3072K)
 Metaspace       used 102798K, committed 104512K, reserved 557056K
  class space    used 14326K, committed 15040K, reserved 425984K
}
Event: 106.575 GC heap before
{Heap before GC invocations=69 (full 0):
 garbage-first heap   total 306176K, used 265740K [0x0000000080000000, 0x0000000100000000)
  region size 1024K, 26 young (26624K), 3 survivors (3072K)
 Metaspace       used 103047K, committed 104768K, reserved 557056K
  class space    used 14358K, committed 15104K, reserved 425984K
}
Event: 106.589 GC heap after
{Heap after GC invocations=70 (full 0):
 garbage-first heap   total 306176K, used 245595K [0x0000000080000000, 0x0000000100000000)
  region size 1024K, 4 young (4096K), 4 survivors (4096K)
 Metaspace       used 103047K, committed 104768K, reserved 557056K
  class space    used 14358K, committed 15104K, reserved 425984K
}
Event: 107.826 GC heap before
{Heap before GC invocations=70 (full 0):
 garbage-first heap   total 434176K, used 263003K [0x0000000080000000, 0x0000000100000000)
  region size 1024K, 21 young (21504K), 4 survivors (4096K)
 Metaspace       used 103455K, committed 105152K, reserved 557056K
  class space    used 14425K, committed 15168K, reserved 425984K
}
Event: 107.842 GC heap after
{Heap after GC invocations=71 (full 0):
 garbage-first heap   total 434176K, used 248325K [0x0000000080000000, 0x0000000100000000)
  region size 1024K, 3 young (3072K), 3 survivors (3072K)
 Metaspace       used 103455K, committed 105152K, reserved 557056K
  class space    used 14425K, committed 15168K, reserved 425984K
}

