# JRE version: OpenJDK Runtime Environment Microsoft-8035246 (17.0.8+7) (build 17.0.8+7-LTS)
# Java VM: OpenJDK 64-Bit Server VM Microsoft-8035246 (17.0.8+7-LTS, mixed mode, sharing, tiered, compressed oops, compressed class ptrs, g1 gc, windows-amd64)
GC Precious Log:
 CPUs: 4 total, 4 available
 Memory: 11683M
 Large Page Support: Disabled
 NUMA Support: Disabled
 Compressed Oops: Enabled (32-bit)
 Heap Region Size: 1M
 Heap Min Capacity: 8M
 Heap Initial Capacity: 184M
 Heap Max Capacity: 2G
 Pre-touch: Disabled
 Parallel Workers: 4
 Concurrent Workers: 1
 Concurrent Refinement Workers: 4
 Periodic GC: Disabled
Heap:
 garbage-first heap   total 394240K, used 325487K [0x0000000080000000, 0x0000000100000000)
  region size 1024K, 73 young (74752K), 8 survivors (8192K)
 Metaspace       used 104257K, committed 105984K, reserved 557056K
  class space    used 14547K, committed 15296K, reserved 425984K
GC Heap History (20 events):
Event: 93.305 GC heap before
{Heap before GC invocations=46 (full 0):
 garbage-first heap   total 195584K, used 158902K [0x0000000080000000, 0x0000000100000000)
  region size 1024K, 56 young (57344K), 5 survivors (5120K)
 Metaspace       used 87204K, committed 88000K, reserved 557056K
  class space    used 12247K, committed 12608K, reserved 425984K
}
Event: 93.322 GC heap after
{Heap after GC invocations=47 (full 0):
 garbage-first heap   total 195584K, used 112173K [0x0000000080000000, 0x0000000100000000)
  region size 1024K, 7 young (7168K), 7 survivors (7168K)
 Metaspace       used 87204K, committed 88000K, reserved 557056K
  class space    used 12247K, committed 12608K, reserved 425984K
}
Event: 93.415 GC heap before
{Heap before GC invocations=47 (full 0):
 garbage-first heap   total 195584K, used 114221K [0x0000000080000000, 0x0000000100000000)
  region size 1024K, 9 young (9216K), 7 survivors (7168K)
 Metaspace       used 87245K, committed 88064K, reserved 557056K
  class space    used 12250K, committed 12608K, reserved 425984K
}
Event: 93.429 GC heap after
{Heap after GC invocations=48 (full 0):
 garbage-first heap   total 195584K, used 112789K [0x0000000080000000, 0x0000000100000000)
  region size 1024K, 2 young (2048K), 2 survivors (2048K)
 Metaspace       used 87245K, committed 88064K, reserved 557056K
  class space    used 12250K, committed 12608K, reserved 425984K
}
Event: 95.359 GC heap before
{Heap before GC invocations=48 (full 0):
 garbage-first heap   total 195584K, used 162965K [0x0000000080000000, 0x0000000100000000)
  region size 1024K, 48 young (49152K), 2 survivors (2048K)
 Metaspace       used 90041K, committed 90944K, reserved 557056K
  class space    used 12645K, committed 13056K, reserved 425984K
}
Event: 95.374 GC heap after
{Heap after GC invocations=49 (full 0):
 garbage-first heap   total 394240K, used 126267K [0x0000000080000000, 0x0000000100000000)
  region size 1024K, 6 young (6144K), 6 survivors (6144K)
 Metaspace       used 90041K, committed 90944K, reserved 557056K
  class space    used 12645K, committed 13056K, reserved 425984K
}
Event: 101.082 GC heap before
{Heap before GC invocations=49 (full 0):
 garbage-first heap   total 394240K, used 281915K [0x0000000080000000, 0x0000000100000000)
  region size 1024K, 149 young (152576K), 6 survivors (6144K)
 Metaspace       used 92206K, committed 93440K, reserved 557056K
  class space    used 12911K, committed 13440K, reserved 425984K
}
Event: 101.158 GC heap after
{Heap after GC invocations=50 (full 0):
 garbage-first heap   total 394240K, used 174060K [0x0000000080000000, 0x0000000100000000)
  region size 1024K, 19 young (19456K), 19 survivors (19456K)
 Metaspace       used 92206K, committed 93440K, reserved 557056K
  class space    used 12911K, committed 13440K, reserved 425984K
}
Event: 104.640 GC heap before
{Heap before GC invocations=50 (full 0):
 garbage-first heap   total 394240K, used 289772K [0x0000000080000000, 0x0000000100000000)
  region size 1024K, 128 young (131072K), 19 survivors (19456K)
 Metaspace       used 93591K, committed 95040K, reserved 557056K
  class space    used 13088K, committed 13696K, reserved 425984K
}
Event: 104.698 GC heap after
{Heap after GC invocations=51 (full 0):
 garbage-first heap   total 394240K, used 203244K [0x0000000080000000, 0x0000000100000000)
  region size 1024K, 16 young (16384K), 16 survivors (16384K)
 Metaspace       used 93591K, committed 95040K, reserved 557056K
  class space    used 13088K, committed 13696K, reserved 425984K
}
Event: 107.080 GC heap before
{Heap before GC invocations=51 (full 0):
 garbage-first heap   total 394240K, used 296428K [0x0000000080000000, 0x0000000100000000)
  region size 1024K, 107 young (109568K), 16 survivors (16384K)
 Metaspace       used 97822K, committed 99328K, reserved 557056K
  class space    used 13734K, committed 14400K, reserved 425984K
}
Event: 107.140 GC heap after
{Heap after GC invocations=52 (full 0):
 garbage-first heap   total 394240K, used 219628K [0x0000000080000000, 0x0000000100000000)
  region size 1024K, 14 young (14336K), 14 survivors (14336K)
 Metaspace       used 97822K, committed 99328K, reserved 557056K
  class space    used 13734K, committed 14400K, reserved 425984K
}
Event: 110.859 GC heap before
{Heap before GC invocations=52 (full 0):
 garbage-first heap   total 394240K, used 305644K [0x0000000080000000, 0x0000000100000000)
  region size 1024K, 98 young (100352K), 14 survivors (14336K)
 Metaspace       used 100627K, committed 102208K, reserved 557056K
  class space    used 14083K, committed 14784K, reserved 425984K
}
Event: 110.917 GC heap after
{Heap after GC invocations=53 (full 0):
 garbage-first heap   total 394240K, used 231404K [0x0000000080000000, 0x0000000100000000)
  region size 1024K, 12 young (12288K), 12 survivors (12288K)
 Metaspace       used 100627K, committed 102208K, reserved 557056K
  class space    used 14083K, committed 14784K, reserved 425984K
}
Event: 112.959 GC heap before
{Heap before GC invocations=53 (full 0):
 garbage-first heap   total 394240K, used 313324K [0x0000000080000000, 0x0000000100000000)
  region size 1024K, 92 young (94208K), 12 survivors (12288K)
 Metaspace       used 102663K, committed 104256K, reserved 557056K
  class space    used 14335K, committed 15040K, reserved 425984K
}
Event: 113.011 GC heap after
{Heap after GC invocations=54 (full 0):
 garbage-first heap   total 394240K, used 245228K [0x0000000080000000, 0x0000000100000000)
  region size 1024K, 12 young (12288K), 12 survivors (12288K)
 Metaspace       used 102663K, committed 104256K, reserved 557056K
  class space    used 14335K, committed 15040K, reserved 425984K
}
Event: 114.523 GC heap before
{Heap before GC invocations=54 (full 0):
 garbage-first heap   total 394240K, used 317932K [0x0000000080000000, 0x0000000100000000)
  region size 1024K, 83 young (84992K), 12 survivors (12288K)
 Metaspace       used 102966K, committed 104640K, reserved 557056K
  class space    used 14348K, committed 15104K, reserved 425984K
}
Event: 114.567 GC heap after
{Heap after GC invocations=55 (full 0):
 garbage-first heap   total 394240K, used 252908K [0x0000000080000000, 0x0000000100000000)
  region size 1024K, 7 young (7168K), 7 survivors (7168K)
 Metaspace       used 102966K, committed 104640K, reserved 557056K
  class space    used 14348K, committed 15104K, reserved 425984K
}
Event: 118.039 GC heap before
{Heap before GC invocations=55 (full 0):
 garbage-first heap   total 394240K, used 323564K [0x0000000080000000, 0x0000000100000000)
  region size 1024K, 76 young (77824K), 7 survivors (7168K)
 Metaspace       used 103124K, committed 104768K, reserved 557056K
  class space    used 14363K, committed 15104K, reserved 425984K
}
Event: 118.066 GC heap after
{Heap after GC invocations=56 (full 0):
 garbage-first heap   total 394240K, used 260975K [0x0000000080000000, 0x0000000100000000)
  region size 1024K, 8 young (8192K), 8 survivors (8192K)
 Metaspace       used 103124K, committed 104768K, reserved 557056K
  class space    used 14363K, committed 15104K, reserved 425984K
}

